<?xml version="1.0" encoding="UTF-8"?>
<testsuite name="rspec" tests="20" skipped="0" failures="0" errors="0" time="0.053420" timestamp="2020-02-16T19:27:11-03:00" hostname="Lenovo-PC">
<properties>
<property name="seed" value="18321"/>
</properties>
<testcase classname="spec.avengers_spec" name="AvengersHeadQuarter Deve adicionar um vingador" file="./spec/avengers_spec.rb" time="0.002434"></testcase>
<testcase classname="spec.avengers_spec" name="AvengersHeadQuarter deve adicionar uma lista de vingadores" file="./spec/avengers_spec.rb" time="0.006493"></testcase>
<testcase classname="spec.avengers_spec" name="AvengersHeadQuarter thor deve ser o primeiro da lista" file="./spec/avengers_spec.rb" time="0.004541"></testcase>
<testcase classname="spec.avengers_spec" name="AvengersHeadQuarter Ironman deve ser o ultimo da lista" file="./spec/avengers_spec.rb" time="0.000173"></testcase>
<testcase classname="spec.avengers_spec" name="AvengersHeadQuarter deve conter o sobrenome" file="./spec/avengers_spec.rb" time="0.002645"></testcase>
<testcase classname="spec.bank.saque_cc_spec" name="ContaCorrente Saque quando o valor é positivo então atualiza saldo" file="./spec/bank/saque_cc_spec.rb" time="0.000257"></testcase>
<testcase classname="spec.bank.saque_cc_spec" name="ContaCorrente Saque quando o saldo é zero então exibe mensagem" file="./spec/bank/saque_cc_spec.rb" time="0.000119"></testcase>
<testcase classname="spec.bank.saque_cc_spec" name="ContaCorrente Saque quando o saldo é zero e o saldo final com zeros" file="./spec/bank/saque_cc_spec.rb" time="0.000075"></testcase>
<testcase classname="spec.bank.saque_cc_spec" name="ContaCorrente Saque quando o saldo é insuficiente então exibe mensagem" file="./spec/bank/saque_cc_spec.rb" time="0.000074"></testcase>
<testcase classname="spec.bank.saque_cc_spec" name="ContaCorrente Saque quando o saldo é insuficiente e o saldo permanece" file="./spec/bank/saque_cc_spec.rb" time="0.000114"></testcase>
<testcase classname="spec.bank.saque_cc_spec" name="ContaCorrente Saque quando supera o limite para saque então exibe mensagem" file="./spec/bank/saque_cc_spec.rb" time="0.000120"></testcase>
<testcase classname="spec.bank.saque_cc_spec" name="ContaCorrente Saque quando supera o limite para saque e o saldo permanece" file="./spec/bank/saque_cc_spec.rb" time="0.000147"></testcase>
<testcase classname="spec.bank.saque_cp_spec" name="ContaPoupanca Saque quando o valor é positivo então atualiza saldo" file="./spec/bank/saque_cp_spec.rb" time="0.000403"></testcase>
<testcase classname="spec.bank.saque_cp_spec" name="ContaPoupanca Saque quando o saldo é zero então exibe mensagem" file="./spec/bank/saque_cp_spec.rb" time="0.000689"></testcase>
<testcase classname="spec.bank.saque_cp_spec" name="ContaPoupanca Saque quando o saldo é zero e o saldo final com zeros" file="./spec/bank/saque_cp_spec.rb" time="0.000148"></testcase>
<testcase classname="spec.bank.saque_cp_spec" name="ContaPoupanca Saque quando o saldo é insuficiente então exibe mensagem" file="./spec/bank/saque_cp_spec.rb" time="0.000114"></testcase>
<testcase classname="spec.bank.saque_cp_spec" name="ContaPoupanca Saque quando o saldo é insuficiente e o saldo permanece" file="./spec/bank/saque_cp_spec.rb" time="0.000137"></testcase>
<testcase classname="spec.bank.saque_cp_spec" name="ContaPoupanca Saque quando supera o limite para saque então exibe mensagem" file="./spec/bank/saque_cp_spec.rb" time="0.000118"></testcase>
<testcase classname="spec.bank.saque_cp_spec" name="ContaPoupanca Saque quando supera o limite para saque e o saldo permanece" file="./spec/bank/saque_cp_spec.rb" time="0.000108"></testcase>
<testcase classname="spec.exemple_spec" name="suite rspec soma de valores" file="./spec/exemple_spec.rb" time="0.000134"></testcase>
</testsuite>
